<?xml version="1.0" encoding="UTF-8"?>
<testsuite xmlns:xsi="http://www.w3.org/2001/XMLSchema-instance" xsi:noNamespaceSchemaLocation="https://maven.apache.org/surefire/maven-surefire-plugin/xsd/surefire-test-report.xsd" name="bubbleTest" time="0.171" tests="4" errors="0" skipped="0" failures="0">
  <properties>
    <property name="sun.desktop" value="gnome"/>
    <property name="awt.toolkit" value="sun.awt.X11.XToolkit"/>
    <property name="java.specification.version" value="9"/>
    <property name="file.encoding.pkg" value="sun.io"/>
    <property name="sun.cpu.isalist" value=""/>
    <property name="sun.jnu.encoding" value="UTF-8"/>
    <property name="java.class.path" value="/home/obabec/Documents/tutorials/java_tutorials/test_work01/target/test-classes:/home/obabec/Documents/tutorials/java_tutorials/test_work01/target/classes:/home/obabec/.m2/repository/junit/junit/4.8.1/junit-4.8.1.jar:"/>
    <property name="java.vm.vendor" value="Oracle Corporation"/>
    <property name="sun.arch.data.model" value="64"/>
    <property name="java.vendor.url" value="http://java.oracle.com/"/>
    <property name="user.timezone" value=""/>
    <property name="java.vm.specification.version" value="9"/>
    <property name="os.name" value="Linux"/>
    <property name="sun.java.launcher" value="SUN_STANDARD"/>
    <property name="user.country" value="US"/>
    <property name="sun.boot.library.path" value="/usr/java/jdk-9.0.1/lib"/>
    <property name="sun.java.command" value="/home/obabec/Documents/tutorials/java_tutorials/test_work01/target/surefire/surefirebooter17433515185586246876.jar /home/obabec/Documents/tutorials/java_tutorials/test_work01/target/surefire 2017-12-04T14-14-48_289-jvmRun1 surefire13205760844210267010tmp surefire_04746612269712714298tmp"/>
    <property name="jdk.debug" value="release"/>
    <property name="surefire.test.class.path" value="/home/obabec/Documents/tutorials/java_tutorials/test_work01/target/test-classes:/home/obabec/Documents/tutorials/java_tutorials/test_work01/target/classes:/home/obabec/.m2/repository/junit/junit/4.8.1/junit-4.8.1.jar:"/>
    <property name="sun.cpu.endian" value="little"/>
    <property name="user.home" value="/home/obabec"/>
    <property name="user.language" value="en"/>
    <property name="java.specification.vendor" value="Oracle Corporation"/>
    <property name="java.home" value="/usr/java/jdk-9.0.1"/>
    <property name="file.separator" value="/"/>
    <property name="basedir" value="/home/obabec/Documents/tutorials/java_tutorials/test_work01"/>
    <property name="java.vm.compressedOopsMode" value="32-bit"/>
    <property name="line.separator" value="&#10;"/>
    <property name="java.vm.specification.vendor" value="Oracle Corporation"/>
    <property name="java.specification.name" value="Java Platform API Specification"/>
    <property name="java.awt.graphicsenv" value="sun.awt.X11GraphicsEnvironment"/>
    <property name="surefire.real.class.path" value="/home/obabec/Documents/tutorials/java_tutorials/test_work01/target/surefire/surefirebooter17433515185586246876.jar"/>
    <property name="sun.management.compiler" value="HotSpot 64-Bit Tiered Compilers"/>
    <property name="java.runtime.version" value="9.0.1+11"/>
    <property name="user.name" value="obabec"/>
    <property name="path.separator" value=":"/>
    <property name="os.version" value="4.13.13-200.fc26.x86_64"/>
    <property name="java.runtime.name" value="Java(TM) SE Runtime Environment"/>
    <property name="file.encoding" value="UTF-8"/>
    <property name="java.vm.name" value="Java HotSpot(TM) 64-Bit Server VM"/>
    <property name="localRepository" value="/home/obabec/.m2/repository"/>
    <property name="java.vendor.url.bug" value="http://bugreport.java.com/bugreport/"/>
    <property name="java.io.tmpdir" value="/tmp"/>
    <property name="idea.version" value="2017.2.5"/>
    <property name="java.version" value="9.0.1"/>
    <property name="user.dir" value="/home/obabec/Documents/tutorials/java_tutorials/test_work01"/>
    <property name="os.arch" value="amd64"/>
    <property name="java.vm.specification.name" value="Java Virtual Machine Specification"/>
    <property name="java.awt.printerjob" value="sun.print.PSPrinterJob"/>
    <property name="sun.os.patch.level" value="unknown"/>
    <property name="java.library.path" value="/home/obabec/Documents/idea-IU-172.4343.14/bin::/usr/java/packages/lib:/usr/lib64:/lib64:/lib:/usr/lib"/>
    <property name="java.vm.info" value="mixed mode"/>
    <property name="java.vendor" value="Oracle Corporation"/>
    <property name="java.vm.version" value="9.0.1+11"/>
    <property name="sun.io.unicode.encoding" value="UnicodeLittle"/>
    <property name="java.class.version" value="53.0"/>
  </properties>
  <testcase name="oneNumberTest" classname="bubbleTest" time="0.099"/>
  <testcase name="reverseListTest" classname="bubbleTest" time="0.015"/>
  <testcase name="emptyListTest" classname="bubbleTest" time="0.02"/>
  <testcase name="bubbleTestInt" classname="bubbleTest" time="0.026"/>
</testsuite>